<?xml version="1.0" encoding="UTF-8"?>
<!-- Generated by org.testng.reporters.JUnitXMLReporter -->
<testsuite ignored="0" hostname="RAJU" failures="0" tests="3" name="Default test" time="5.32" errors="0" timestamp="2024-09-27T11:35:40 IST">
  <testcase classname="com.practice2.CreateContactTest" name="createContactTest" time="3.018"/>
  <testcase classname="com.practice2.CreateContactTest" name="createContactTest" time="3.151"/>
  <testcase classname="com.practice2.CreateContactTest" name="createContactTest" time="2.215"/>
</testsuite> <!-- Default test -->
