<?xml version="1.0" encoding="UTF-8"?>
<!-- Generated by org.testng.reporters.JUnitXMLReporter -->
<testsuite ignored="0" hostname="RAJU" failures="0" tests="3" name="Test_1" time="0.108" errors="0" timestamp="2024-09-19T11:17:00 IST">
  <testcase classname="com.comcast.crm.basetest.BaseClass" name="@BeforeClass launchBrowser" time="-1.726724820757E9">
    <failure type="org.testng.TestNGException" message="
Parameter &amp;apos;BROWSER&amp;apos; is required by BeforeClass on method launchBrowser but has not been marked @Optional or defined
in C:\Users\Admin\eclips\ComcastCRMGUIFramework\suite_parallel_distrubutesTest_testng.xml">
      <![CDATA[org.testng.TestNGException: 
Parameter 'BROWSER' is required by BeforeClass on method launchBrowser but has not been marked @Optional or defined
in C:\Users\Admin\eclips\ComcastCRMGUIFramework\suite_parallel_distrubutesTest_testng.xml
at java.base/java.util.ArrayList.forEach(ArrayList.java:1596)
at java.base/java.util.concurrent.FutureTask.run(FutureTask.java:317)
at java.base/java.util.concurrent.ThreadPoolExecutor.runWorker(ThreadPoolExecutor.java:1144)
at java.base/java.util.concurrent.ThreadPoolExecutor$Worker.run(ThreadPoolExecutor.java:642)
at java.base/java.lang.Thread.run(Thread.java:1583)
... Removed 12 stack frames]]>
    </failure>
  </testcase> <!-- @BeforeClass launchBrowser -->
  <testcase classname="com.comcast.crm.basetest.BaseClass" name="@BeforeClass launchBrowser" time="-1.726724820757E9">
    <failure type="org.testng.TestNGException" message="
Parameter &amp;apos;BROWSER&amp;apos; is required by BeforeClass on method launchBrowser but has not been marked @Optional or defined
in C:\Users\Admin\eclips\ComcastCRMGUIFramework\suite_parallel_distrubutesTest_testng.xml">
      <![CDATA[org.testng.TestNGException: 
Parameter 'BROWSER' is required by BeforeClass on method launchBrowser but has not been marked @Optional or defined
in C:\Users\Admin\eclips\ComcastCRMGUIFramework\suite_parallel_distrubutesTest_testng.xml
at java.base/java.util.ArrayList.forEach(ArrayList.java:1596)
at java.base/java.util.concurrent.FutureTask.run(FutureTask.java:317)
at java.base/java.util.concurrent.ThreadPoolExecutor.runWorker(ThreadPoolExecutor.java:1144)
at java.base/java.util.concurrent.ThreadPoolExecutor$Worker.run(ThreadPoolExecutor.java:642)
at java.base/java.lang.Thread.run(Thread.java:1583)
... Removed 12 stack frames]]>
    </failure>
  </testcase> <!-- @BeforeClass launchBrowser -->
  <testcase classname="com.comcast.crm.basetest.BaseClass" name="@BeforeMethod loginToApp" time="0.0">
    <skipped/>
  </testcase> <!-- @BeforeMethod loginToApp -->
  <testcase classname="com.comcast.crm.basetest.BaseClass" name="@BeforeMethod loginToApp" time="0.0">
    <skipped/>
  </testcase> <!-- @BeforeMethod loginToApp -->
  <testcase classname="com.comcast.crm.basetest.BaseClass" name="@AfterMethod logoutFromApp" time="0.0">
    <skipped/>
  </testcase> <!-- @AfterMethod logoutFromApp -->
  <testcase classname="com.comcast.crm.basetest.BaseClass" name="@AfterMethod logoutFromApp" time="0.0">
    <skipped/>
  </testcase> <!-- @AfterMethod logoutFromApp -->
  <testcase classname="com.comcast.crm.basetest.BaseClass" name="@BeforeMethod loginToApp" time="0.0">
    <skipped/>
  </testcase> <!-- @BeforeMethod loginToApp -->
  <testcase classname="com.comcast.crm.basetest.BaseClass" name="@BeforeMethod loginToApp" time="0.0">
    <skipped/>
  </testcase> <!-- @BeforeMethod loginToApp -->
  <testcase classname="com.comcast.crm.basetest.BaseClass" name="@AfterMethod logoutFromApp" time="0.0">
    <skipped/>
  </testcase> <!-- @AfterMethod logoutFromApp -->
  <testcase classname="com.comcast.crm.basetest.BaseClass" name="@AfterMethod logoutFromApp" time="0.0">
    <skipped/>
  </testcase> <!-- @AfterMethod logoutFromApp -->
  <testcase classname="com.comcast.crm.basetest.BaseClass" name="@BeforeMethod loginToApp" time="0.0">
    <skipped/>
  </testcase> <!-- @BeforeMethod loginToApp -->
  <testcase classname="com.comcast.crm.basetest.BaseClass" name="@BeforeMethod loginToApp" time="0.0">
    <skipped/>
  </testcase> <!-- @BeforeMethod loginToApp -->
  <testcase classname="com.comcast.crm.basetest.BaseClass" name="@AfterMethod logoutFromApp" time="0.0">
    <skipped/>
  </testcase> <!-- @AfterMethod logoutFromApp -->
  <testcase classname="com.comcast.crm.basetest.BaseClass" name="@AfterClass closeBrowser" time="0.0">
    <skipped/>
  </testcase> <!-- @AfterClass closeBrowser -->
  <testcase classname="com.comcast.crm.basetest.BaseClass" name="@AfterMethod logoutFromApp" time="0.0">
    <skipped/>
  </testcase> <!-- @AfterMethod logoutFromApp -->
  <testcase classname="com.comcast.crm.basetest.BaseClass" name="@AfterClass closeBrowser" time="0.0">
    <skipped/>
  </testcase> <!-- @AfterClass closeBrowser -->
  <testcase classname="com.practice1.CreateOrganizationTest" name="createOrganization" time="0.001">
    <skipped/>
  </testcase> <!-- createOrganization -->
  <testcase classname="com.practice1.CreateOrganizationTest" name="createOrganizationIndustry" time="0.0">
    <skipped/>
  </testcase> <!-- createOrganizationIndustry -->
  <testcase classname="com.practice1.CreateOrganizationTest" name="createOrganizationVerifyPhoneNo" time="0.0">
    <skipped/>
  </testcase> <!-- createOrganizationVerifyPhoneNo -->
</testsuite> <!-- Test_1 -->
