<?xml version="1.0" encoding="UTF-8"?>
<!-- Generated by org.testng.reporters.JUnitXMLReporter -->
<testsuite ignored="0" hostname="RAJU" failures="0" tests="3" name="Test_2" time="0.105" errors="0" timestamp="2024-09-19T11:17:00 IST">
  <testcase classname="com.practice1.CreateContactWithMadatoryFields" name="createContactWithOrganization" time="0.0">
    <skipped/>
  </testcase> <!-- createContactWithOrganization -->
  <testcase classname="com.practice1.CreateContactWithMadatoryFields" name="createOrganizationVerifyPhoneNo" time="0.0">
    <skipped/>
  </testcase> <!-- createOrganizationVerifyPhoneNo -->
  <testcase classname="com.practice1.CreateContactWithMadatoryFields" name="createOrganizationWithMandatory" time="0.001">
    <skipped/>
  </testcase> <!-- createOrganizationWithMandatory -->
</testsuite> <!-- Test_2 -->
