<?xml version="1.0" encoding="UTF-8"?>
<testng-results ignored="0" total="3" passed="3" failed="0" skipped="0">
  <reporter-output>
  </reporter-output>
  <suite started-at="2024-09-27T11:35:34 IST" name="Default suite" finished-at="2024-09-27T11:35:40 IST" duration-ms="5320">
    <groups>
    </groups>
    <test started-at="2024-09-27T11:35:34 IST" name="Default test" finished-at="2024-09-27T11:35:40 IST" duration-ms="5320">
      <class name="com.practice2.CreateContactTest">
        <test-method signature="createContactTest()[pri:0, instance:com.practice2.CreateContactTest@313ac989]" started-at="2024-09-27T11:35:35 IST" name="createContactTest" finished-at="2024-09-27T11:35:38 IST" duration-ms="3018" status="PASS">
          <reporter-output>
          </reporter-output>
        </test-method> <!-- createContactTest -->
        <test-method signature="createContactTest()[pri:0, instance:com.practice2.CreateContactTest@313ac989]" started-at="2024-09-27T11:35:35 IST" name="createContactTest" finished-at="2024-09-27T11:35:38 IST" duration-ms="3151" status="PASS">
          <reporter-output>
          </reporter-output>
        </test-method> <!-- createContactTest -->
        <test-method signature="createContactTest()[pri:0, instance:com.practice2.CreateContactTest@313ac989]" started-at="2024-09-27T11:35:38 IST" name="createContactTest" finished-at="2024-09-27T11:35:40 IST" duration-ms="2215" status="PASS">
          <reporter-output>
          </reporter-output>
        </test-method> <!-- createContactTest -->
      </class> <!-- com.practice2.CreateContactTest -->
    </test> <!-- Default test -->
  </suite> <!-- Default suite -->
</testng-results>
